The C compiler identification could not be found in "/home/foxers/CLionProjects/advcpp2021homework1/cmake-build-debug-coverage/CMakeFiles/3.17.5/CompilerIdC/CMakeCCompilerId.gcno"

The CXX compiler identification could not be found in "/home/foxers/CLionProjects/advcpp2021homework1/cmake-build-debug-coverage/CMakeFiles/3.17.5/CompilerIdCXX/CMakeCXXCompilerId.gcno"

Performing C SOURCE FILE Test CMAKE_HAVE_LIBC_PTHREAD failed with the following output:
Change Dir: /home/foxers/CLionProjects/advcpp2021homework1/cmake-build-debug-coverage/CMakeFiles/CMakeTmp

Run Build Command(s):make cmTC_a8e99/fast && make  -f CMakeFiles/cmTC_a8e99.dir/build.make CMakeFiles/cmTC_a8e99.dir/build
make[1]: вход в каталог «/home/foxers/CLionProjects/advcpp2021homework1/cmake-build-debug-coverage/CMakeFiles/CMakeTmp»
Building C object CMakeFiles/cmTC_a8e99.dir/src.c.o
/usr/bin/gcc   --coverage -DCMAKE_HAVE_LIBC_PTHREAD   -std=gnu11 -o CMakeFiles/cmTC_a8e99.dir/src.c.o   -c /home/foxers/CLionProjects/advcpp2021homework1/cmake-build-debug-coverage/CMakeFiles/CMakeTmp/src.c
Linking C executable cmTC_a8e99
/snap/clion/139/bin/cmake/linux/bin/cmake -E cmake_link_script CMakeFiles/cmTC_a8e99.dir/link.txt --verbose=1
/usr/bin/gcc --coverage -DCMAKE_HAVE_LIBC_PTHREAD    CMakeFiles/cmTC_a8e99.dir/src.c.o  -o cmTC_a8e99 
/usr/bin/ld: CMakeFiles/cmTC_a8e99.dir/src.c.o: in function `main':
src.c:(.text+0x53): undefined reference to `pthread_create'
/usr/bin/ld: src.c:(.text+0x71): undefined reference to `pthread_detach'
/usr/bin/ld: src.c:(.text+0x8f): undefined reference to `pthread_cancel'
/usr/bin/ld: src.c:(.text+0xb2): undefined reference to `pthread_join'
collect2: error: ld returned 1 exit status
make[1]: *** [CMakeFiles/cmTC_a8e99.dir/build.make:107: cmTC_a8e99] Ошибка 1
make[1]: выход из каталога «/home/foxers/CLionProjects/advcpp2021homework1/cmake-build-debug-coverage/CMakeFiles/CMakeTmp»
make: *** [Makefile:141: cmTC_a8e99/fast] Ошибка 2


Source file was:
#include <pthread.h>

void* test_func(void* data)
{
  return data;
}

int main(void)
{
  pthread_t thread;
  pthread_create(&thread, NULL, test_func, NULL);
  pthread_detach(thread);
  pthread_cancel(thread);
  pthread_join(thread, NULL);
  pthread_atfork(NULL, NULL, NULL);
  pthread_exit(NULL);

  return 0;
}

Determining if the function pthread_create exists in the pthreads failed with the following output:
Change Dir: /home/foxers/CLionProjects/advcpp2021homework1/cmake-build-debug-coverage/CMakeFiles/CMakeTmp

Run Build Command(s):make cmTC_e4735/fast && make  -f CMakeFiles/cmTC_e4735.dir/build.make CMakeFiles/cmTC_e4735.dir/build
make[1]: вход в каталог «/home/foxers/CLionProjects/advcpp2021homework1/cmake-build-debug-coverage/CMakeFiles/CMakeTmp»
Building C object CMakeFiles/cmTC_e4735.dir/CheckFunctionExists.c.o
/usr/bin/gcc   --coverage -DCHECK_FUNCTION_EXISTS=pthread_create   -std=gnu11 -o CMakeFiles/cmTC_e4735.dir/CheckFunctionExists.c.o   -c /snap/clion/139/bin/cmake/linux/share/cmake-3.17/Modules/CheckFunctionExists.c
Linking C executable cmTC_e4735
/snap/clion/139/bin/cmake/linux/bin/cmake -E cmake_link_script CMakeFiles/cmTC_e4735.dir/link.txt --verbose=1
/usr/bin/gcc --coverage -DCHECK_FUNCTION_EXISTS=pthread_create    CMakeFiles/cmTC_e4735.dir/CheckFunctionExists.c.o  -o cmTC_e4735  -lpthreads 
/usr/bin/ld: cannot find -lpthreads
collect2: error: ld returned 1 exit status
make[1]: *** [CMakeFiles/cmTC_e4735.dir/build.make:107: cmTC_e4735] Ошибка 1
make[1]: выход из каталога «/home/foxers/CLionProjects/advcpp2021homework1/cmake-build-debug-coverage/CMakeFiles/CMakeTmp»
make: *** [Makefile:141: cmTC_e4735/fast] Ошибка 2



